Drill report for ain4rib21.kicad_pcb
Created on Wed 05 Jul 2023 16:38:56 CEST

Copper Layer Stackup:
    =============================================================
    L1 :  F.Cu                      front
    L2 :  In1.Cu                    in1
    L3 :  In2.Cu                    in2
    L4 :  B.Cu                      back


Drill file 'ain4rib21-PTH.drl' contains
    plated through holes:
    =============================================================
    T1  0.400mm  0.0157"  (64 holes)
    T2  0.800mm  0.0315"  (3 holes)
    T3  1.000mm  0.0394"  (26 holes)
    T4  1.400mm  0.0551"  (20 holes)

    Total plated holes count 113


Drill file 'ain4rib21-NPTH.drl' contains
    unplated through holes:
    =============================================================

    Total unplated holes count 0
